<?xml version="1.0" encoding="UTF-8"?>
<!-- Generated by org.testng.reporters.JUnitReportReporter -->
<testsuite skipped="0" hostname="aa-PC" name="com.v5.identhq.testcases.FlipkartTest" tests="1" failures="0" timestamp="06 Nov 2019 14:26:10 GMT" time="23.786" errors="0">
  <testcase name="addMobileToCart" time="23.786" classname="com.v5.identhq.testcases.FlipkartTest"/>
</testsuite> <!-- com.v5.identhq.testcases.FlipkartTest -->
