<?xml version="1.0" encoding="UTF-8"?>
<!-- Generated by org.testng.reporters.JUnitReportReporter -->
<testsuite skipped="0" hostname="NDI-LAP-715" name="com.v5.identhq.utils.UpdateTestLink" tests="1" failures="0" timestamp="06 Jul 2017 10:40:47 GMT" time="36.097" errors="0">
  <testcase name="Test" time="36.097" classname="com.v5.identhq.utils.UpdateTestLink"/>
</testsuite> <!-- com.v5.identhq.utils.UpdateTestLink -->
