<?xml version="1.0" encoding="UTF-8"?>
<!-- Generated by org.testng.reporters.JUnitReportReporter -->
<testsuite skipped="0" hostname="aa-PC" name="com.testcases.Assignment1Test" tests="1" failures="0" timestamp="11 Nov 2019 16:44:37 GMT" time="20.783" errors="0">
  <testcase name="addMobileToCart" time="20.783" classname="com.testcases.Assignment1Test"/>
</testsuite> <!-- com.testcases.Assignment1Test -->
