<?xml version="1.0" encoding="UTF-8"?>
<!-- Generated by org.testng.reporters.JUnitReportReporter -->
<testsuite skipped="0" hostname="NDI-LAP-715" name="com.v5.identhq.testcases.Rough" tests="1" failures="0" timestamp="09 Jun 2017 10:04:54 GMT" time="0.000" errors="0">
  <testcase name="add" time="0.000" classname="com.v5.identhq.testcases.Rough"/>
</testsuite> <!-- com.v5.identhq.testcases.Rough -->
