<?xml version="1.0" encoding="UTF-8"?>
<!-- Generated by org.testng.reporters.JUnitReportReporter -->
<testsuite skipped="0" hostname="NDI-LAP-715" name="com.v5.identhq.rough.TestLinkAutomation" tests="1" failures="0" timestamp="23 Jun 2017 18:48:41 GMT" time="54.109" errors="0">
  <testcase name="Test" time="54.109" classname="com.v5.identhq.rough.TestLinkAutomation"/>
</testsuite> <!-- com.v5.identhq.rough.TestLinkAutomation -->
