<?xml version="1.0" encoding="UTF-8"?>
<!-- Generated by org.testng.reporters.JUnitReportReporter -->
<testsuite skipped="0" hostname="ndi-mb-016.3pillar.corp" name="com.v5.identhq.testcases.CalendarUtil" tests="2" failures="0" timestamp="03 Jan 2018 12:39:34 GMT" time="40.608" errors="0">
  <testcase name="campaignEndDateSelect" time="3.594" classname="com.v5.identhq.testcases.CalendarUtil"/>
  <testcase name="campaignStartDateSelect" time="37.014" classname="com.v5.identhq.testcases.CalendarUtil"/>
</testsuite> <!-- com.v5.identhq.testcases.CalendarUtil -->
