<?xml version="1.0" encoding="UTF-8"?>
<!-- Generated by org.testng.reporters.JUnitReportReporter -->
<testsuite skipped="0" hostname="aa-PC" name="com.testcases.Assignment2Test" tests="2" failures="0" timestamp="11 Nov 2019 16:44:07 GMT" time="69.911" errors="0">
  <testcase name="amazonPrice" time="46.955" classname="com.testcases.Assignment2Test"/>
  <testcase name="flipkartPrice" time="22.956" classname="com.testcases.Assignment2Test"/>
</testsuite> <!-- com.testcases.Assignment2Test -->
