<?xml version="1.0" encoding="UTF-8"?>
<!-- Generated by org.testng.reporters.JUnitReportReporter -->
<testsuite skipped="0" hostname="aa-PC" name="com.v5.identhq.testcases.Assignment1Test" tests="1" failures="0" timestamp="11 Nov 2019 16:03:04 GMT" time="22.849" errors="0">
  <testcase name="addMobileToCart" time="22.849" classname="com.v5.identhq.testcases.Assignment1Test"/>
</testsuite> <!-- com.v5.identhq.testcases.Assignment1Test -->
