<?xml version="1.0" encoding="UTF-8"?>
<!-- Generated by org.testng.reporters.JUnitReportReporter -->
<testsuite skipped="0" hostname="ndi-mb-016.3pillar.corp" name="com.v5.identhq.testcases.CampaignManagementTest" tests="1" failures="0" timestamp="24 Jan 2018 11:18:14 GMT" time="139.678" errors="0">
  <testcase name="getStatusDetailsAndVerify" time="139.678" classname="com.v5.identhq.testcases.CampaignManagementTest"/>
</testsuite> <!-- com.v5.identhq.testcases.CampaignManagementTest -->
