<?xml version="1.0" encoding="UTF-8"?>
<!-- Generated by org.testng.reporters.JUnitReportReporter -->
<testsuite skipped="0" hostname="NDI-LAP-715" name="com.v5.identhq.testcases.SignInTest" tests="4" failures="0" timestamp="17 Nov 2017 13:19:06 GMT" time="109.131" errors="0">
  <testcase name="signInWithoutPassword" time="13.991" classname="com.v5.identhq.testcases.SignInTest"/>
  <testcase name="signInWithInvalidCred" time="16.004" classname="com.v5.identhq.testcases.SignInTest"/>
  <testcase name="signInWithoutUsername" time="14.350" classname="com.v5.identhq.testcases.SignInTest"/>
  <testcase name="verifySignInWithValidCredential" time="64.786" classname="com.v5.identhq.testcases.SignInTest"/>
</testsuite> <!-- com.v5.identhq.testcases.SignInTest -->
