<?xml version="1.0" encoding="UTF-8"?>
<!-- Generated by org.testng.reporters.JUnitReportReporter -->
<testsuite skipped="0" hostname="ndi-mb-016.3pillar.corp" name="com.v5.identhq.testcases.FindCampaignInCampaignManagementTest" tests="1" failures="0" timestamp="19 Jan 2018 07:59:52 GMT" time="37.043" errors="0">
  <testcase name="getDetailsOfCampaign" time="37.043" classname="com.v5.identhq.testcases.FindCampaignInCampaignManagementTest"/>
</testsuite> <!-- com.v5.identhq.testcases.FindCampaignInCampaignManagementTest -->
