<?xml version="1.0" encoding="UTF-8"?>
<!-- Generated by org.testng.reporters.JUnitReportReporter -->
<testsuite skipped="0" hostname="ndi-mb-016.3pillar.corp" name="com.v5.identhq.testcases.PaginationTest" tests="1" failures="0" timestamp="12 Jan 2018 10:03:00 GMT" time="58.400" errors="0">
  <testcase name="pageNavigate" time="58.400" classname="com.v5.identhq.testcases.PaginationTest"/>
</testsuite> <!-- com.v5.identhq.testcases.PaginationTest -->
