<?xml version="1.0" encoding="UTF-8"?>
<!-- Generated by org.testng.reporters.JUnitReportReporter -->
<testsuite skipped="0" hostname="ndi-mb-016.3pillar.corp" name="com.v5.identhq.testcases.CampaignSetupTest" tests="1" failures="0" timestamp="05 Jan 2018 09:50:28 GMT" time="56.323" errors="0">
  <testcase name="verifyCampaignSetupWithValidDetails" time="56.323" classname="com.v5.identhq.testcases.CampaignSetupTest"/>
</testsuite> <!-- com.v5.identhq.testcases.CampaignSetupTest -->
