<?xml version="1.0" encoding="UTF-8"?>
<!-- Generated by org.testng.reporters.JUnitReportReporter -->
<testsuite skipped="0" hostname="aa-PC" name="com.v5.identhq.testcases.Assignment2Test" tests="2" failures="0" timestamp="11 Nov 2019 16:01:30 GMT" time="50.019" errors="0">
  <testcase name="amazonPrice" time="31.294" classname="com.v5.identhq.testcases.Assignment2Test"/>
  <testcase name="flipkartPrice" time="18.725" classname="com.v5.identhq.testcases.Assignment2Test"/>
</testsuite> <!-- com.v5.identhq.testcases.Assignment2Test -->
